0 verbose cli /opt/homebrew/Cellar/node/24.5.0/bin/node /opt/homebrew/Cellar/node/24.5.0/bin/npm
1 info using npm@11.5.1
2 info using node@v24.5.0
3 silly config load:file:/opt/homebrew/lib/node_modules/npm/npmrc
4 silly config load:file:/Users/fughesi/.cache/typescript/5.8/.npmrc
5 silly config load:file:/Users/fughesi/.npmrc
6 silly config load:file:/opt/homebrew/etc/npmrc
7 verbose title npm install types-registry@latest
8 verbose argv "install" "--ignore-scripts" "types-registry@latest"
9 verbose logfile logs-max:10 dir:/Users/fughesi/.npm/_logs/2025-08-06T23_00_32_705Z-
10 verbose logfile /Users/fughesi/.npm/_logs/2025-08-06T23_00_32_705Z-debug-0.log
11 silly logfile start cleaning logs, removing 1 files
12 silly packumentCache heap:4496293888 maxSize:1124073472 maxEntrySize:562036736
13 silly logfile done cleaning log files
14 silly packumentCache corgi:https://registry.npmjs.org/types-registry cache-miss
15 http fetch GET 200 https://registry.npmjs.org/types-registry 206ms (cache revalidated)
16 silly packumentCache corgi:https://registry.npmjs.org/types-registry set size:604622 disposed:false
17 silly idealTree buildDeps
18 silly fetch manifest types-registry@0.1.732
19 silly packumentCache full:https://registry.npmjs.org/types-registry cache-miss
20 http fetch GET 200 https://registry.npmjs.org/types-registry 70ms (cache revalidated)
21 silly packumentCache full:https://registry.npmjs.org/types-registry set size:1287439 disposed:false
22 silly placeDep ROOT types-registry@0.1.732 REPLACE for:  want: 0.1.732
23 silly reify moves {}
24 silly audit bulk request {
24 silly audit   '@types/body': [ '5.1.4' ],
24 silly audit   '@types/body-parser': [ '1.19.6' ],
24 silly audit   '@types/connect': [ '3.4.38' ],
24 silly audit   '@types/cors': [ '2.8.19' ],
24 silly audit   '@types/express': [ '5.0.3' ],
24 silly audit   '@types/express-serve-static-core': [ '5.0.7' ],
24 silly audit   '@types/http-errors': [ '2.0.5' ],
24 silly audit   '@types/jquery': [ '3.5.32' ],
24 silly audit   '@types/less': [ '3.0.8' ],
24 silly audit   '@types/mime': [ '1.3.5' ],
24 silly audit   '@types/node': [ '24.0.15' ],
24 silly audit   '@types/object-assign': [ '4.0.33' ],
24 silly audit   '@types/pg': [ '8.15.5' ],
24 silly audit   '@types/qs': [ '6.14.0' ],
24 silly audit   '@types/range-parser': [ '1.2.7' ],
24 silly audit   '@types/react': [ '19.1.9' ],
24 silly audit   '@types/react-dom': [ '19.1.7' ],
24 silly audit   '@types/send': [ '0.17.5' ],
24 silly audit   '@types/serve-static': [ '1.15.8' ],
24 silly audit   '@types/sizzle': [ '2.3.9' ],
24 silly audit   '@types/stylus': [ '0.48.43' ],
24 silly audit   csstype: [ '3.1.3' ],
24 silly audit   'pg-int8': [ '1.0.1' ],
24 silly audit   'pg-protocol': [ '1.10.3' ],
24 silly audit   'pg-types': [ '2.2.0' ],
24 silly audit   'postgres-array': [ '2.0.0' ],
24 silly audit   'postgres-bytea': [ '1.0.0' ],
24 silly audit   'postgres-date': [ '1.0.7' ],
24 silly audit   'postgres-interval': [ '1.2.0' ],
24 silly audit   'undici-types': [ '7.8.0' ],
24 silly audit   xtend: [ '4.0.2' ],
24 silly audit   'types-registry': [ '0.1.732' ]
24 silly audit }
25 http fetch POST 200 https://registry.npmjs.org/-/npm/v1/security/advisories/bulk 203ms
26 silly audit report {}
27 verbose cwd /Users/fughesi/.cache/typescript/5.8
28 verbose os Darwin 24.6.0
29 verbose node v24.5.0
30 verbose npm  v11.5.1
31 verbose exit 0
32 info ok
