0 verbose cli /opt/homebrew/Cellar/node/23.10.0_1/bin/node /opt/homebrew/Cellar/node/23.10.0_1/bin/npm
1 info using npm@10.9.2
2 info using node@v23.10.0
3 silly config load:file:/opt/homebrew/lib/node_modules/npm/npmrc
4 silly config load:file:/Users/fughesi/.cache/typescript/5.8/.npmrc
5 silly config load:file:/Users/fughesi/.npmrc
6 silly config load:file:/opt/homebrew/etc/npmrc
7 verbose title npm install @types/react@ts5.8 @types/react-dom@ts5.8
8 verbose argv "install" "--ignore-scripts" "@types/react@ts5.8" "@types/react-dom@ts5.8" "--save-dev" "--user-agent" "typesInstaller/5.8.2"
9 verbose logfile logs-max:10 dir:/Users/fughesi/.npm/_logs/2025-08-04T19_25_36_863Z-
10 verbose logfile /Users/fughesi/.npm/_logs/2025-08-04T19_25_36_863Z-debug-0.log
11 silly logfile start cleaning logs, removing 1 files
12 silly packumentCache heap:4345298944 maxSize:1086324736 maxEntrySize:543162368
13 silly logfile done cleaning log files
14 silly packumentCache corgi:https://registry.npmjs.org/@types%2freact cache-miss
15 silly packumentCache corgi:https://registry.npmjs.org/@types%2freact-dom cache-miss
16 http fetch GET 200 https://registry.npmjs.org/@types%2freact-dom 368ms (cache revalidated)
17 silly packumentCache corgi:https://registry.npmjs.org/@types%2freact-dom set size:170476 disposed:false
18 http fetch GET 200 https://registry.npmjs.org/@types%2freact 377ms (cache revalidated)
19 silly packumentCache corgi:https://registry.npmjs.org/@types%2freact set size:635935 disposed:false
20 silly idealTree buildDeps
21 silly fetch manifest @types/react@19.1.9
22 silly packumentCache full:https://registry.npmjs.org/@types%2freact cache-miss
23 http fetch GET 200 https://registry.npmjs.org/@types%2freact 98ms (cache revalidated)
24 silly packumentCache full:https://registry.npmjs.org/@types%2freact set size:2417342 disposed:false
25 silly fetch manifest @types/react-dom@19.1.7
26 silly packumentCache full:https://registry.npmjs.org/@types%2freact-dom cache-miss
27 http fetch GET 200 https://registry.npmjs.org/@types%2freact-dom 112ms (cache revalidated)
28 silly packumentCache full:https://registry.npmjs.org/@types%2freact-dom set size:406522 disposed:false
29 silly placeDep ROOT @types/react@19.1.9 REPLACE for:  want: 19.1.9
30 silly placeDep ROOT @types/react-dom@19.1.7 REPLACE for:  want: 19.1.7
31 silly reify moves {}
32 silly audit bulk request {
32 silly audit   '@types/body': [ '5.1.4' ],
32 silly audit   '@types/body-parser': [ '1.19.6' ],
32 silly audit   '@types/connect': [ '3.4.38' ],
32 silly audit   '@types/cors': [ '2.8.19' ],
32 silly audit   '@types/express': [ '5.0.3' ],
32 silly audit   '@types/express-serve-static-core': [ '5.0.7' ],
32 silly audit   '@types/http-errors': [ '2.0.5' ],
32 silly audit   '@types/jquery': [ '3.5.32' ],
32 silly audit   '@types/less': [ '3.0.8' ],
32 silly audit   '@types/mime': [ '1.3.5' ],
32 silly audit   '@types/node': [ '24.0.15' ],
32 silly audit   '@types/object-assign': [ '4.0.33' ],
32 silly audit   '@types/pg': [ '8.15.5' ],
32 silly audit   '@types/qs': [ '6.14.0' ],
32 silly audit   '@types/range-parser': [ '1.2.7' ],
32 silly audit   '@types/send': [ '0.17.5' ],
32 silly audit   '@types/serve-static': [ '1.15.8' ],
32 silly audit   '@types/sizzle': [ '2.3.9' ],
32 silly audit   '@types/stylus': [ '0.48.43' ],
32 silly audit   csstype: [ '3.1.3' ],
32 silly audit   'pg-int8': [ '1.0.1' ],
32 silly audit   'pg-protocol': [ '1.10.3' ],
32 silly audit   'pg-types': [ '2.2.0' ],
32 silly audit   'postgres-array': [ '2.0.0' ],
32 silly audit   'postgres-bytea': [ '1.0.0' ],
32 silly audit   'postgres-date': [ '1.0.7' ],
32 silly audit   'postgres-interval': [ '1.2.0' ],
32 silly audit   'types-registry': [ '0.1.732' ],
32 silly audit   'undici-types': [ '7.8.0' ],
32 silly audit   xtend: [ '4.0.2' ],
32 silly audit   '@types/react': [ '19.1.9' ],
32 silly audit   '@types/react-dom': [ '19.1.7' ]
32 silly audit }
33 http fetch POST 200 https://registry.npmjs.org/-/npm/v1/security/advisories/bulk 177ms
34 silly audit report {}
35 verbose cwd /Users/fughesi/.cache/typescript/5.8
36 verbose os Darwin 24.5.0
37 verbose node v23.10.0
38 verbose npm  v10.9.2
39 verbose exit 0
40 info ok
